0 info it worked if it ends with ok
1 verbose cli [ 'C:\\Program Files (x86)\\nodejs\\\\node.exe',
1 verbose cli   'C:\\Program Files (x86)\\nodejs\\node_modules\\npm\\bin\\npm-cli.js',
1 verbose cli   'install',
1 verbose cli   'git://github.com/visionmedia/express.git' ]
2 info using npm@2.7.4
3 info using node@v0.12.2
4 verbose node symlink C:\Program Files (x86)\nodejs\\node.exe
5 silly cache add args [ 'git://github.com/visionmedia/express.git', null ]
6 verbose cache add spec git://github.com/visionmedia/express.git
7 silly cache add parsed spec { raw: 'git://github.com/visionmedia/express.git',
7 silly cache add   scope: null,
7 silly cache add   name: null,
7 silly cache add   rawSpec: 'git://github.com/visionmedia/express.git',
7 silly cache add   spec: 'git+ssh://git@github.com/visionmedia/express.git',
7 silly cache add   type: 'hosted',
7 silly cache add   hosted:
7 silly cache add    { type: 'github',
7 silly cache add      ssh: 'git@github.com:visionmedia/express.git',
7 silly cache add      sshUrl: 'git+ssh://git@github.com/visionmedia/express.git',
7 silly cache add      httpsUrl: 'https://github.com/visionmedia/express.git',
7 silly cache add      directUrl: 'https://raw.githubusercontent.com/visionmedia/express/master/package.json' } }
8 info maybeGithub Attempting git://github.com/visionmedia/express.git from git://github.com/visionmedia/express.git
9 verbose addRemoteGit git-github-com-visionmedia-express-git-8f06a588 not in flight; caching
10 verbose stack TypeError: Cannot read property 'trim' of undefined
10 verbose stack     at C:\Program Files (x86)\nodejs\node_modules\npm\lib\cache\add-remote-git.js:98:31
10 verbose stack     at C:\Program Files (x86)\nodejs\node_modules\npm\lib\utils\git.js:50:14
10 verbose stack     at F (C:\Program Files (x86)\nodejs\node_modules\npm\node_modules\which\which.js:40:25)
10 verbose stack     at E (C:\Program Files (x86)\nodejs\node_modules\npm\node_modules\which\which.js:43:29)
10 verbose stack     at C:\Program Files (x86)\nodejs\node_modules\npm\node_modules\which\which.js:54:16
10 verbose stack     at FSReqWrap.oncomplete (fs.js:95:15)
11 verbose cwd c:\Users\rogerio.santos\Documents\GitHub\leel-third-party
12 error Windows_NT 6.3.9600
13 error argv "C:\\Program Files (x86)\\nodejs\\\\node.exe" "C:\\Program Files (x86)\\nodejs\\node_modules\\npm\\bin\\npm-cli.js" "install" "git://github.com/visionmedia/express.git"
14 error node v0.12.2
15 error npm  v2.7.4
16 error Cannot read property 'trim' of undefined
17 error If you need help, you may report this error at:
17 error     <https://github.com/npm/npm/issues>
18 verbose exit [ 1, true ]
