0 info it worked if it ends with ok
1 verbose cli [ 'C:\\Program Files (x86)\\nodejs\\\\node.exe',
1 verbose cli   'C:\\Program Files (x86)\\nodejs\\node_modules\\npm\\bin\\npm-cli.js',
1 verbose cli   'install',
1 verbose cli   'git://github.com/LeeL-Systems/angular-autolayout.git' ]
2 info using npm@2.7.4
3 info using node@v0.12.2
4 verbose node symlink C:\Program Files (x86)\nodejs\\node.exe
5 silly cache add args [ 'git://github.com/LeeL-Systems/angular-autolayout.git', null ]
6 verbose cache add spec git://github.com/LeeL-Systems/angular-autolayout.git
7 silly cache add parsed spec { raw: 'git://github.com/LeeL-Systems/angular-autolayout.git',
7 silly cache add   scope: null,
7 silly cache add   name: null,
7 silly cache add   rawSpec: 'git://github.com/LeeL-Systems/angular-autolayout.git',
7 silly cache add   spec: 'git+ssh://git@github.com/LeeL-Systems/angular-autolayout.git',
7 silly cache add   type: 'hosted',
7 silly cache add   hosted:
7 silly cache add    { type: 'github',
7 silly cache add      ssh: 'git@github.com:LeeL-Systems/angular-autolayout.git',
7 silly cache add      sshUrl: 'git+ssh://git@github.com/LeeL-Systems/angular-autolayout.git',
7 silly cache add      httpsUrl: 'https://github.com/LeeL-Systems/angular-autolayout.git',
7 silly cache add      directUrl: 'https://raw.githubusercontent.com/LeeL-Systems/angular-autolayout/master/package.json' } }
8 info maybeGithub Attempting git://github.com/LeeL-Systems/angular-autolayout.git from git://github.com/LeeL-Systems/angular-autolayout.git
9 verbose addRemoteGit git-github-com-LeeL-Systems-angular-autolayout-git-169f8e91 not in flight; caching
10 verbose git clone --template=C:\Users\rogerio.santos\AppData\Roaming\npm-cache\_git-remotes\_templates --mirror git://github.com/LeeL-Systems/angular-autolayout.git C:\Users\rogerio.santos\AppData\Roaming\npm-cache\_git-remotes\git-github-com-LeeL-Systems-angular-autolayout-git-169f8e91: undefined
10 verbose git clone --template=C:\Users\rogerio.santos\AppData\Roaming\npm-cache\_git-remotes\_templates --mirror git://github.com/LeeL-Systems/angular-autolayout.git C:\Users\rogerio.santos\AppData\Roaming\npm-cache\_git-remotes\git-github-com-LeeL-Systems-angular-autolayout-git-169f8e91: undefined
11 info maybeGithub Couldn't clone git://github.com/LeeL-Systems/angular-autolayout.git
12 info maybeGithub Now attempting git://github.com/LeeL-Systems/angular-autolayout.git from git@github.com:LeeL-Systems/angular-autolayout.git
13 verbose addRemoteGit git-github-com-LeeL-Systems-angular-autolayout-git-01eca7ef not in flight; caching
14 error git clone --template=C:\Users\rogerio.santos\AppData\Roaming\npm-cache\_git-remotes\_templates --mirror git@github.com:LeeL-Systems/angular-autolayout.git C:\Users\rogerio.santos\AppData\Roaming\npm-cache\_git-remotes\git-github-com-LeeL-Systems-angular-autolayout-git-01eca7ef: undefined
14 error git clone --template=C:\Users\rogerio.santos\AppData\Roaming\npm-cache\_git-remotes\_templates --mirror git@github.com:LeeL-Systems/angular-autolayout.git C:\Users\rogerio.santos\AppData\Roaming\npm-cache\_git-remotes\git-github-com-LeeL-Systems-angular-autolayout-git-01eca7ef: undefined
15 verbose stack Error: not found: git
15 verbose stack     at F (C:\Program Files (x86)\nodejs\node_modules\npm\node_modules\which\which.js:40:28)
15 verbose stack     at E (C:\Program Files (x86)\nodejs\node_modules\npm\node_modules\which\which.js:43:29)
15 verbose stack     at C:\Program Files (x86)\nodejs\node_modules\npm\node_modules\which\which.js:54:16
15 verbose stack     at FSReqWrap.oncomplete (fs.js:95:15)
16 verbose cwd c:\Users\rogerio.santos\Documents\GitHub\leel-third-party\examples
17 error Windows_NT 6.3.9600
18 error argv "C:\\Program Files (x86)\\nodejs\\\\node.exe" "C:\\Program Files (x86)\\nodejs\\node_modules\\npm\\bin\\npm-cli.js" "install" "git://github.com/LeeL-Systems/angular-autolayout.git"
19 error node v0.12.2
20 error npm  v2.7.4
21 error code ENOGIT
22 error not found: git
23 error Failed using git.
23 error This is most likely not a problem with npm itself.
23 error Please check if you have git installed and in your PATH.
24 verbose exit [ 1, true ]
